<?xml version="1.0" encoding="UTF-8"?>
<testsuite xmlns:xsi="http://www.w3.org/2001/XMLSchema-instance" xsi:noNamespaceSchemaLocation="https://maven.apache.org/surefire/maven-surefire-plugin/xsd/surefire-test-report.xsd" name="com.wang.SpringbootDemoApplicationTests" time="2.325" tests="1" errors="0" skipped="0" failures="0">
  <properties>
    <property name="java.specification.version" value="17"/>
    <property name="sun.cpu.isalist" value="amd64"/>
    <property name="sun.jnu.encoding" value="GBK"/>
    <property name="java.class.path" value="D:\JavaCode3\springboot\springboot_demo\target\test-classes;D:\JavaCode3\springboot\springboot_demo\target\classes;C:\Professional Softwares\apache-maven-3.6.1\mvn_resp\org\springframework\boot\spring-boot-starter-web\3.0.5\spring-boot-starter-web-3.0.5.jar;C:\Professional Softwares\apache-maven-3.6.1\mvn_resp\org\springframework\boot\spring-boot-starter\3.0.5\spring-boot-starter-3.0.5.jar;C:\Professional Softwares\apache-maven-3.6.1\mvn_resp\org\springframework\boot\spring-boot\3.0.5\spring-boot-3.0.5.jar;C:\Professional Softwares\apache-maven-3.6.1\mvn_resp\org\springframework\boot\spring-boot-autoconfigure\3.0.5\spring-boot-autoconfigure-3.0.5.jar;C:\Professional Softwares\apache-maven-3.6.1\mvn_resp\org\springframework\boot\spring-boot-starter-logging\3.0.5\spring-boot-starter-logging-3.0.5.jar;C:\Professional Softwares\apache-maven-3.6.1\mvn_resp\ch\qos\logback\logback-classic\1.4.6\logback-classic-1.4.6.jar;C:\Professional Softwares\apache-maven-3.6.1\mvn_resp\ch\qos\logback\logback-core\1.4.6\logback-core-1.4.6.jar;C:\Professional Softwares\apache-maven-3.6.1\mvn_resp\org\apache\logging\log4j\log4j-to-slf4j\2.19.0\log4j-to-slf4j-2.19.0.jar;C:\Professional Softwares\apache-maven-3.6.1\mvn_resp\org\apache\logging\log4j\log4j-api\2.19.0\log4j-api-2.19.0.jar;C:\Professional Softwares\apache-maven-3.6.1\mvn_resp\org\slf4j\jul-to-slf4j\2.0.7\jul-to-slf4j-2.0.7.jar;C:\Professional Softwares\apache-maven-3.6.1\mvn_resp\jakarta\annotation\jakarta.annotation-api\2.1.1\jakarta.annotation-api-2.1.1.jar;C:\Professional Softwares\apache-maven-3.6.1\mvn_resp\org\yaml\snakeyaml\1.33\snakeyaml-1.33.jar;C:\Professional Softwares\apache-maven-3.6.1\mvn_resp\org\springframework\boot\spring-boot-starter-json\3.0.5\spring-boot-starter-json-3.0.5.jar;C:\Professional Softwares\apache-maven-3.6.1\mvn_resp\com\fasterxml\jackson\core\jackson-databind\2.14.2\jackson-databind-2.14.2.jar;C:\Professional Softwares\apache-maven-3.6.1\mvn_resp\com\fasterxml\jackson\core\jackson-annotations\2.14.2\jackson-annotations-2.14.2.jar;C:\Professional Softwares\apache-maven-3.6.1\mvn_resp\com\fasterxml\jackson\core\jackson-core\2.14.2\jackson-core-2.14.2.jar;C:\Professional Softwares\apache-maven-3.6.1\mvn_resp\com\fasterxml\jackson\datatype\jackson-datatype-jdk8\2.14.2\jackson-datatype-jdk8-2.14.2.jar;C:\Professional Softwares\apache-maven-3.6.1\mvn_resp\com\fasterxml\jackson\datatype\jackson-datatype-jsr310\2.14.2\jackson-datatype-jsr310-2.14.2.jar;C:\Professional Softwares\apache-maven-3.6.1\mvn_resp\com\fasterxml\jackson\module\jackson-module-parameter-names\2.14.2\jackson-module-parameter-names-2.14.2.jar;C:\Professional Softwares\apache-maven-3.6.1\mvn_resp\org\springframework\boot\spring-boot-starter-tomcat\3.0.5\spring-boot-starter-tomcat-3.0.5.jar;C:\Professional Softwares\apache-maven-3.6.1\mvn_resp\org\apache\tomcat\embed\tomcat-embed-core\10.1.7\tomcat-embed-core-10.1.7.jar;C:\Professional Softwares\apache-maven-3.6.1\mvn_resp\org\apache\tomcat\embed\tomcat-embed-el\10.1.7\tomcat-embed-el-10.1.7.jar;C:\Professional Softwares\apache-maven-3.6.1\mvn_resp\org\apache\tomcat\embed\tomcat-embed-websocket\10.1.7\tomcat-embed-websocket-10.1.7.jar;C:\Professional Softwares\apache-maven-3.6.1\mvn_resp\org\springframework\spring-web\6.0.7\spring-web-6.0.7.jar;C:\Professional Softwares\apache-maven-3.6.1\mvn_resp\org\springframework\spring-beans\6.0.7\spring-beans-6.0.7.jar;C:\Professional Softwares\apache-maven-3.6.1\mvn_resp\io\micrometer\micrometer-observation\1.10.5\micrometer-observation-1.10.5.jar;C:\Professional Softwares\apache-maven-3.6.1\mvn_resp\io\micrometer\micrometer-commons\1.10.5\micrometer-commons-1.10.5.jar;C:\Professional Softwares\apache-maven-3.6.1\mvn_resp\org\springframework\spring-webmvc\6.0.7\spring-webmvc-6.0.7.jar;C:\Professional Softwares\apache-maven-3.6.1\mvn_resp\org\springframework\spring-aop\6.0.7\spring-aop-6.0.7.jar;C:\Professional Softwares\apache-maven-3.6.1\mvn_resp\org\springframework\spring-context\6.0.7\spring-context-6.0.7.jar;C:\Professional Softwares\apache-maven-3.6.1\mvn_resp\org\springframework\spring-expression\6.0.7\spring-expression-6.0.7.jar;C:\Professional Softwares\apache-maven-3.6.1\mvn_resp\org\springframework\boot\spring-boot-starter-test\3.0.5\spring-boot-starter-test-3.0.5.jar;C:\Professional Softwares\apache-maven-3.6.1\mvn_resp\org\springframework\boot\spring-boot-test\3.0.5\spring-boot-test-3.0.5.jar;C:\Professional Softwares\apache-maven-3.6.1\mvn_resp\org\springframework\boot\spring-boot-test-autoconfigure\3.0.5\spring-boot-test-autoconfigure-3.0.5.jar;C:\Professional Softwares\apache-maven-3.6.1\mvn_resp\com\jayway\jsonpath\json-path\2.7.0\json-path-2.7.0.jar;C:\Professional Softwares\apache-maven-3.6.1\mvn_resp\net\minidev\json-smart\2.4.10\json-smart-2.4.10.jar;C:\Professional Softwares\apache-maven-3.6.1\mvn_resp\net\minidev\accessors-smart\2.4.9\accessors-smart-2.4.9.jar;C:\Professional Softwares\apache-maven-3.6.1\mvn_resp\org\ow2\asm\asm\9.3\asm-9.3.jar;C:\Professional Softwares\apache-maven-3.6.1\mvn_resp\org\slf4j\slf4j-api\2.0.7\slf4j-api-2.0.7.jar;C:\Professional Softwares\apache-maven-3.6.1\mvn_resp\jakarta\xml\bind\jakarta.xml.bind-api\4.0.0\jakarta.xml.bind-api-4.0.0.jar;C:\Professional Softwares\apache-maven-3.6.1\mvn_resp\jakarta\activation\jakarta.activation-api\2.1.1\jakarta.activation-api-2.1.1.jar;C:\Professional Softwares\apache-maven-3.6.1\mvn_resp\org\assertj\assertj-core\3.23.1\assertj-core-3.23.1.jar;C:\Professional Softwares\apache-maven-3.6.1\mvn_resp\net\bytebuddy\byte-buddy\1.12.23\byte-buddy-1.12.23.jar;C:\Professional Softwares\apache-maven-3.6.1\mvn_resp\org\hamcrest\hamcrest\2.2\hamcrest-2.2.jar;C:\Professional Softwares\apache-maven-3.6.1\mvn_resp\org\junit\jupiter\junit-jupiter\5.9.2\junit-jupiter-5.9.2.jar;C:\Professional Softwares\apache-maven-3.6.1\mvn_resp\org\junit\jupiter\junit-jupiter-api\5.9.2\junit-jupiter-api-5.9.2.jar;C:\Professional Softwares\apache-maven-3.6.1\mvn_resp\org\opentest4j\opentest4j\1.2.0\opentest4j-1.2.0.jar;C:\Professional Softwares\apache-maven-3.6.1\mvn_resp\org\junit\platform\junit-platform-commons\1.9.2\junit-platform-commons-1.9.2.jar;C:\Professional Softwares\apache-maven-3.6.1\mvn_resp\org\apiguardian\apiguardian-api\1.1.2\apiguardian-api-1.1.2.jar;C:\Professional Softwares\apache-maven-3.6.1\mvn_resp\org\junit\jupiter\junit-jupiter-params\5.9.2\junit-jupiter-params-5.9.2.jar;C:\Professional Softwares\apache-maven-3.6.1\mvn_resp\org\junit\jupiter\junit-jupiter-engine\5.9.2\junit-jupiter-engine-5.9.2.jar;C:\Professional Softwares\apache-maven-3.6.1\mvn_resp\org\junit\platform\junit-platform-engine\1.9.2\junit-platform-engine-1.9.2.jar;C:\Professional Softwares\apache-maven-3.6.1\mvn_resp\org\mockito\mockito-core\4.8.1\mockito-core-4.8.1.jar;C:\Professional Softwares\apache-maven-3.6.1\mvn_resp\net\bytebuddy\byte-buddy-agent\1.12.23\byte-buddy-agent-1.12.23.jar;C:\Professional Softwares\apache-maven-3.6.1\mvn_resp\org\objenesis\objenesis\3.2\objenesis-3.2.jar;C:\Professional Softwares\apache-maven-3.6.1\mvn_resp\org\mockito\mockito-junit-jupiter\4.8.1\mockito-junit-jupiter-4.8.1.jar;C:\Professional Softwares\apache-maven-3.6.1\mvn_resp\org\skyscreamer\jsonassert\1.5.1\jsonassert-1.5.1.jar;C:\Professional Softwares\apache-maven-3.6.1\mvn_resp\com\vaadin\external\google\android-json\0.0.20131108.vaadin1\android-json-0.0.20131108.vaadin1.jar;C:\Professional Softwares\apache-maven-3.6.1\mvn_resp\org\springframework\spring-core\6.0.7\spring-core-6.0.7.jar;C:\Professional Softwares\apache-maven-3.6.1\mvn_resp\org\springframework\spring-jcl\6.0.7\spring-jcl-6.0.7.jar;C:\Professional Softwares\apache-maven-3.6.1\mvn_resp\org\springframework\spring-test\6.0.7\spring-test-6.0.7.jar;C:\Professional Softwares\apache-maven-3.6.1\mvn_resp\org\xmlunit\xmlunit-core\2.9.1\xmlunit-core-2.9.1.jar;"/>
    <property name="java.vm.vendor" value="Oracle Corporation"/>
    <property name="sun.arch.data.model" value="64"/>
    <property name="user.variant" value=""/>
    <property name="java.vendor.url" value="https://java.oracle.com/"/>
    <property name="user.timezone" value="Asia/Shanghai"/>
    <property name="os.name" value="Windows 10"/>
    <property name="java.vm.specification.version" value="17"/>
    <property name="sun.java.launcher" value="SUN_STANDARD"/>
    <property name="user.country" value="CN"/>
    <property name="sun.boot.library.path" value="C:\Professional Softwares\Java\jdk-17.0.6\bin"/>
    <property name="sun.java.command" value="C:\Users\WANGWE~1\AppData\Local\Temp\surefire11013857587572396932\surefirebooter9205049669413681665.jar C:\Users\Wang Weizhou\AppData\Local\Temp\surefire11013857587572396932 2023-04-18T01-33-08_237-jvmRun1 surefire6827497970375290759tmp surefire_014446803620016296027tmp"/>
    <property name="jdk.debug" value="release"/>
    <property name="surefire.test.class.path" value="D:\JavaCode3\springboot\springboot_demo\target\test-classes;D:\JavaCode3\springboot\springboot_demo\target\classes;C:\Professional Softwares\apache-maven-3.6.1\mvn_resp\org\springframework\boot\spring-boot-starter-web\3.0.5\spring-boot-starter-web-3.0.5.jar;C:\Professional Softwares\apache-maven-3.6.1\mvn_resp\org\springframework\boot\spring-boot-starter\3.0.5\spring-boot-starter-3.0.5.jar;C:\Professional Softwares\apache-maven-3.6.1\mvn_resp\org\springframework\boot\spring-boot\3.0.5\spring-boot-3.0.5.jar;C:\Professional Softwares\apache-maven-3.6.1\mvn_resp\org\springframework\boot\spring-boot-autoconfigure\3.0.5\spring-boot-autoconfigure-3.0.5.jar;C:\Professional Softwares\apache-maven-3.6.1\mvn_resp\org\springframework\boot\spring-boot-starter-logging\3.0.5\spring-boot-starter-logging-3.0.5.jar;C:\Professional Softwares\apache-maven-3.6.1\mvn_resp\ch\qos\logback\logback-classic\1.4.6\logback-classic-1.4.6.jar;C:\Professional Softwares\apache-maven-3.6.1\mvn_resp\ch\qos\logback\logback-core\1.4.6\logback-core-1.4.6.jar;C:\Professional Softwares\apache-maven-3.6.1\mvn_resp\org\apache\logging\log4j\log4j-to-slf4j\2.19.0\log4j-to-slf4j-2.19.0.jar;C:\Professional Softwares\apache-maven-3.6.1\mvn_resp\org\apache\logging\log4j\log4j-api\2.19.0\log4j-api-2.19.0.jar;C:\Professional Softwares\apache-maven-3.6.1\mvn_resp\org\slf4j\jul-to-slf4j\2.0.7\jul-to-slf4j-2.0.7.jar;C:\Professional Softwares\apache-maven-3.6.1\mvn_resp\jakarta\annotation\jakarta.annotation-api\2.1.1\jakarta.annotation-api-2.1.1.jar;C:\Professional Softwares\apache-maven-3.6.1\mvn_resp\org\yaml\snakeyaml\1.33\snakeyaml-1.33.jar;C:\Professional Softwares\apache-maven-3.6.1\mvn_resp\org\springframework\boot\spring-boot-starter-json\3.0.5\spring-boot-starter-json-3.0.5.jar;C:\Professional Softwares\apache-maven-3.6.1\mvn_resp\com\fasterxml\jackson\core\jackson-databind\2.14.2\jackson-databind-2.14.2.jar;C:\Professional Softwares\apache-maven-3.6.1\mvn_resp\com\fasterxml\jackson\core\jackson-annotations\2.14.2\jackson-annotations-2.14.2.jar;C:\Professional Softwares\apache-maven-3.6.1\mvn_resp\com\fasterxml\jackson\core\jackson-core\2.14.2\jackson-core-2.14.2.jar;C:\Professional Softwares\apache-maven-3.6.1\mvn_resp\com\fasterxml\jackson\datatype\jackson-datatype-jdk8\2.14.2\jackson-datatype-jdk8-2.14.2.jar;C:\Professional Softwares\apache-maven-3.6.1\mvn_resp\com\fasterxml\jackson\datatype\jackson-datatype-jsr310\2.14.2\jackson-datatype-jsr310-2.14.2.jar;C:\Professional Softwares\apache-maven-3.6.1\mvn_resp\com\fasterxml\jackson\module\jackson-module-parameter-names\2.14.2\jackson-module-parameter-names-2.14.2.jar;C:\Professional Softwares\apache-maven-3.6.1\mvn_resp\org\springframework\boot\spring-boot-starter-tomcat\3.0.5\spring-boot-starter-tomcat-3.0.5.jar;C:\Professional Softwares\apache-maven-3.6.1\mvn_resp\org\apache\tomcat\embed\tomcat-embed-core\10.1.7\tomcat-embed-core-10.1.7.jar;C:\Professional Softwares\apache-maven-3.6.1\mvn_resp\org\apache\tomcat\embed\tomcat-embed-el\10.1.7\tomcat-embed-el-10.1.7.jar;C:\Professional Softwares\apache-maven-3.6.1\mvn_resp\org\apache\tomcat\embed\tomcat-embed-websocket\10.1.7\tomcat-embed-websocket-10.1.7.jar;C:\Professional Softwares\apache-maven-3.6.1\mvn_resp\org\springframework\spring-web\6.0.7\spring-web-6.0.7.jar;C:\Professional Softwares\apache-maven-3.6.1\mvn_resp\org\springframework\spring-beans\6.0.7\spring-beans-6.0.7.jar;C:\Professional Softwares\apache-maven-3.6.1\mvn_resp\io\micrometer\micrometer-observation\1.10.5\micrometer-observation-1.10.5.jar;C:\Professional Softwares\apache-maven-3.6.1\mvn_resp\io\micrometer\micrometer-commons\1.10.5\micrometer-commons-1.10.5.jar;C:\Professional Softwares\apache-maven-3.6.1\mvn_resp\org\springframework\spring-webmvc\6.0.7\spring-webmvc-6.0.7.jar;C:\Professional Softwares\apache-maven-3.6.1\mvn_resp\org\springframework\spring-aop\6.0.7\spring-aop-6.0.7.jar;C:\Professional Softwares\apache-maven-3.6.1\mvn_resp\org\springframework\spring-context\6.0.7\spring-context-6.0.7.jar;C:\Professional Softwares\apache-maven-3.6.1\mvn_resp\org\springframework\spring-expression\6.0.7\spring-expression-6.0.7.jar;C:\Professional Softwares\apache-maven-3.6.1\mvn_resp\org\springframework\boot\spring-boot-starter-test\3.0.5\spring-boot-starter-test-3.0.5.jar;C:\Professional Softwares\apache-maven-3.6.1\mvn_resp\org\springframework\boot\spring-boot-test\3.0.5\spring-boot-test-3.0.5.jar;C:\Professional Softwares\apache-maven-3.6.1\mvn_resp\org\springframework\boot\spring-boot-test-autoconfigure\3.0.5\spring-boot-test-autoconfigure-3.0.5.jar;C:\Professional Softwares\apache-maven-3.6.1\mvn_resp\com\jayway\jsonpath\json-path\2.7.0\json-path-2.7.0.jar;C:\Professional Softwares\apache-maven-3.6.1\mvn_resp\net\minidev\json-smart\2.4.10\json-smart-2.4.10.jar;C:\Professional Softwares\apache-maven-3.6.1\mvn_resp\net\minidev\accessors-smart\2.4.9\accessors-smart-2.4.9.jar;C:\Professional Softwares\apache-maven-3.6.1\mvn_resp\org\ow2\asm\asm\9.3\asm-9.3.jar;C:\Professional Softwares\apache-maven-3.6.1\mvn_resp\org\slf4j\slf4j-api\2.0.7\slf4j-api-2.0.7.jar;C:\Professional Softwares\apache-maven-3.6.1\mvn_resp\jakarta\xml\bind\jakarta.xml.bind-api\4.0.0\jakarta.xml.bind-api-4.0.0.jar;C:\Professional Softwares\apache-maven-3.6.1\mvn_resp\jakarta\activation\jakarta.activation-api\2.1.1\jakarta.activation-api-2.1.1.jar;C:\Professional Softwares\apache-maven-3.6.1\mvn_resp\org\assertj\assertj-core\3.23.1\assertj-core-3.23.1.jar;C:\Professional Softwares\apache-maven-3.6.1\mvn_resp\net\bytebuddy\byte-buddy\1.12.23\byte-buddy-1.12.23.jar;C:\Professional Softwares\apache-maven-3.6.1\mvn_resp\org\hamcrest\hamcrest\2.2\hamcrest-2.2.jar;C:\Professional Softwares\apache-maven-3.6.1\mvn_resp\org\junit\jupiter\junit-jupiter\5.9.2\junit-jupiter-5.9.2.jar;C:\Professional Softwares\apache-maven-3.6.1\mvn_resp\org\junit\jupiter\junit-jupiter-api\5.9.2\junit-jupiter-api-5.9.2.jar;C:\Professional Softwares\apache-maven-3.6.1\mvn_resp\org\opentest4j\opentest4j\1.2.0\opentest4j-1.2.0.jar;C:\Professional Softwares\apache-maven-3.6.1\mvn_resp\org\junit\platform\junit-platform-commons\1.9.2\junit-platform-commons-1.9.2.jar;C:\Professional Softwares\apache-maven-3.6.1\mvn_resp\org\apiguardian\apiguardian-api\1.1.2\apiguardian-api-1.1.2.jar;C:\Professional Softwares\apache-maven-3.6.1\mvn_resp\org\junit\jupiter\junit-jupiter-params\5.9.2\junit-jupiter-params-5.9.2.jar;C:\Professional Softwares\apache-maven-3.6.1\mvn_resp\org\junit\jupiter\junit-jupiter-engine\5.9.2\junit-jupiter-engine-5.9.2.jar;C:\Professional Softwares\apache-maven-3.6.1\mvn_resp\org\junit\platform\junit-platform-engine\1.9.2\junit-platform-engine-1.9.2.jar;C:\Professional Softwares\apache-maven-3.6.1\mvn_resp\org\mockito\mockito-core\4.8.1\mockito-core-4.8.1.jar;C:\Professional Softwares\apache-maven-3.6.1\mvn_resp\net\bytebuddy\byte-buddy-agent\1.12.23\byte-buddy-agent-1.12.23.jar;C:\Professional Softwares\apache-maven-3.6.1\mvn_resp\org\objenesis\objenesis\3.2\objenesis-3.2.jar;C:\Professional Softwares\apache-maven-3.6.1\mvn_resp\org\mockito\mockito-junit-jupiter\4.8.1\mockito-junit-jupiter-4.8.1.jar;C:\Professional Softwares\apache-maven-3.6.1\mvn_resp\org\skyscreamer\jsonassert\1.5.1\jsonassert-1.5.1.jar;C:\Professional Softwares\apache-maven-3.6.1\mvn_resp\com\vaadin\external\google\android-json\0.0.20131108.vaadin1\android-json-0.0.20131108.vaadin1.jar;C:\Professional Softwares\apache-maven-3.6.1\mvn_resp\org\springframework\spring-core\6.0.7\spring-core-6.0.7.jar;C:\Professional Softwares\apache-maven-3.6.1\mvn_resp\org\springframework\spring-jcl\6.0.7\spring-jcl-6.0.7.jar;C:\Professional Softwares\apache-maven-3.6.1\mvn_resp\org\springframework\spring-test\6.0.7\spring-test-6.0.7.jar;C:\Professional Softwares\apache-maven-3.6.1\mvn_resp\org\xmlunit\xmlunit-core\2.9.1\xmlunit-core-2.9.1.jar;"/>
    <property name="sun.cpu.endian" value="little"/>
    <property name="user.home" value="C:\Users\Wang Weizhou"/>
    <property name="user.language" value="zh"/>
    <property name="java.specification.vendor" value="Oracle Corporation"/>
    <property name="java.version.date" value="2023-01-17"/>
    <property name="java.home" value="C:\Professional Softwares\Java\jdk-17.0.6"/>
    <property name="file.separator" value="\"/>
    <property name="basedir" value="D:\JavaCode3\springboot\springboot_demo"/>
    <property name="java.vm.compressedOopsMode" value="Zero based"/>
    <property name="line.separator" value="&#10;"/>
    <property name="java.vm.specification.vendor" value="Oracle Corporation"/>
    <property name="java.specification.name" value="Java Platform API Specification"/>
    <property name="surefire.real.class.path" value="C:\Users\WANGWE~1\AppData\Local\Temp\surefire11013857587572396932\surefirebooter9205049669413681665.jar"/>
    <property name="user.script" value=""/>
    <property name="sun.management.compiler" value="HotSpot 64-Bit Tiered Compilers"/>
    <property name="java.runtime.version" value="17.0.6+9-LTS-190"/>
    <property name="user.name" value="Wang Weizhou"/>
    <property name="path.separator" value=";"/>
    <property name="os.version" value="10.0"/>
    <property name="java.runtime.name" value="Java(TM) SE Runtime Environment"/>
    <property name="file.encoding" value="GBK"/>
    <property name="java.vm.name" value="Java HotSpot(TM) 64-Bit Server VM"/>
    <property name="localRepository" value="C:\Professional Softwares\apache-maven-3.6.1\mvn_resp"/>
    <property name="java.vendor.url.bug" value="https://bugreport.java.com/bugreport/"/>
    <property name="java.io.tmpdir" value="C:\Users\WANGWE~1\AppData\Local\Temp\"/>
    <property name="idea.version" value="2021.2"/>
    <property name="java.version" value="17.0.6"/>
    <property name="user.dir" value="D:\JavaCode3\springboot\springboot_demo"/>
    <property name="os.arch" value="amd64"/>
    <property name="java.vm.specification.name" value="Java Virtual Machine Specification"/>
    <property name="sun.os.patch.level" value=""/>
    <property name="native.encoding" value="GBK"/>
    <property name="java.library.path" value="C:\Professional Softwares\Java\jdk-17.0.6\bin;C:\WINDOWS\Sun\Java\bin;C:\WINDOWS\system32;C:\WINDOWS;C:\Professional Softwares\Java\jdk-17.0.6\bin;C:\Program Files\Common Files\Oracle\Java\javapath;C:\Program Files (x86)\Common Files\Oracle\Java\javapath;C:\WINDOWS\system32;C:\WINDOWS;C:\WINDOWS\System32\Wbem;C:\WINDOWS\System32\WindowsPowerShell\v1.0\;C:\WINDOWS\System32\OpenSSH\;C:\Program Files\dotnet\;C:\Program Files\Pandoc\;C:\Professional Softwares\Git\cmd;C:\Professional Softwares\mysql-5.7.24-winx64\bin;C:\Professional Softwares\apache-maven-3.6.1\bin;C:\Common Softwares\Bandizip\;C:\Professional Softwares\apache-tomcat-10.1.7\bin;C:\Professional Softwares\Python39\Scripts\;C:\Professional Softwares\Python39\;C:\Users\Wang Weizhou\AppData\Local\Microsoft\WindowsApps;%PyCharm Community Edition%;C:\Users\Wang Weizhou\AppData\Local\Programs\EmEditor;."/>
    <property name="java.vm.info" value="mixed mode, sharing"/>
    <property name="java.vendor" value="Oracle Corporation"/>
    <property name="java.vm.version" value="17.0.6+9-LTS-190"/>
    <property name="sun.io.unicode.encoding" value="UnicodeLittle"/>
    <property name="java.class.version" value="61.0"/>
  </properties>
  <testcase name="contextLoads" classname="com.wang.SpringbootDemoApplicationTests" time="0.416"/>
</testsuite>